<?xml version="1.0" encoding="UTF-8"?>
<!-- Generated by org.testng.reporters.JUnitReportReporter -->
<testsuite hostname="LIN59000557" name="com.capgemini.SeleniumMavenExample.LaunchBrowser" tests="1" failures="0" timestamp="2 Feb 2018 04:40:49 GMT" time="14.270" errors="0">
  <testcase name="startBrowser" time="14.270" classname="com.capgemini.SeleniumMavenExample.LaunchBrowser"/>
</testsuite> <!-- com.capgemini.SeleniumMavenExample.LaunchBrowser -->
