<?xml version="1.0" encoding="UTF-8"?>
<!-- Generated by org.testng.reporters.JUnitReportReporter -->
<testsuite hostname="LIN59000557" name="com.capgemini.LocateElements" tests="1" failures="0" timestamp="2 Feb 2018 09:36:05 GMT" time="0.286" errors="0">
  <testcase name="locate" time="0.286" classname="com.capgemini.LocateElements"/>
</testsuite>
