<?xml version="1.0" encoding="UTF-8"?>
<!-- Generated by org.testng.reporters.JUnitReportReporter -->
<testsuite hostname="LIN59000557" name="com.capgemini.JavaScriptTestExample" tests="2" failures="0" timestamp="1 Feb 2018 10:49:34 GMT" time="0.007" errors="0">
  <testcase name="testMouseOperation" time="0.003" classname="com.capgemini.JavaScriptTestExample"/>
  <testcase name="login" time="0.004" classname="com.capgemini.JavaScriptTestExample"/>
</testsuite>
