<?xml version="1.0" encoding="UTF-8"?>
<!-- Generated by org.testng.reporters.JUnitReportReporter -->
<testsuite hostname="LIN59000557" name="com.capgemini.StartBrowserTestCase" tests="1" failures="0" timestamp="31 Jan 2018 07:02:11 GMT" time="14.591" errors="0">
  <testcase name="launch" time="14.591" classname="com.capgemini.StartBrowserTestCase"/>
</testsuite>
