<?xml version="1.0" encoding="UTF-8"?>
<!-- Generated by org.testng.reporters.JUnitReportReporter -->
<testsuite hostname="LIN59000557" name="com.capgemini.LoadUserHomePage" tests="1" failures="0" timestamp="1 Feb 2018 10:49:34 GMT" time="1.405" errors="0">
  <testcase name="load" time="1.405" classname="com.capgemini.LoadUserHomePage"/>
</testsuite>
