<?xml version="1.0" encoding="UTF-8"?>
<!-- Generated by org.testng.reporters.JUnitReportReporter -->
<testsuite hostname="LIN59000557" name="com.capgemini.XpathExample" tests="1" failures="0" timestamp="1 Feb 2018 04:13:51 GMT" time="43.283" errors="0">
  <testcase name="load" time="43.283" classname="com.capgemini.XpathExample"/>
</testsuite>
