<?xml version="1.0" encoding="UTF-8"?>
<!-- Generated by org.testng.reporters.JUnitReportReporter -->
<testsuite hostname="LIN59000557" name="com.capgemini.MouseOperationExample" tests="1" failures="0" timestamp="1 Feb 2018 09:46:27 GMT" time="2.318" errors="0">
  <testcase name="testMouseOperation" time="2.318" classname="com.capgemini.MouseOperationExample"/>
</testsuite>
