<?xml version="1.0" encoding="UTF-8"?>
<!-- Generated by org.testng.reporters.JUnitReportReporter -->
<testsuite hostname="LIN59000557" name="com.capgemini.TestWithDataExample" tests="3" failures="0" timestamp="1 Feb 2018 09:21:32 GMT" time="1.300" errors="0">
  <testcase name="locate" time="0.415" classname="com.capgemini.TestWithDataExample"/>
  <testcase name="locate" time="0.389" classname="com.capgemini.TestWithDataExample"/>
  <testcase name="locate" time="0.496" classname="com.capgemini.TestWithDataExample"/>
</testsuite>
