<?xml version="1.0" encoding="UTF-8"?>
<!-- Generated by org.testng.reporters.JUnitReportReporter -->
<testsuite hostname="LIN59000557" name="com.capgemini.DropDownListLocator" tests="1" failures="0" timestamp="1 Feb 2018 05:45:33 GMT" time="5.016" errors="0">
  <testcase name="locate" time="5.016" classname="com.capgemini.DropDownListLocator"/>
</testsuite>
